<?xml version="1.0" encoding="UTF-8"?>
<testng-results skipped="0" failed="0" total="1" passed="1">
  <reporter-output>
  </reporter-output>
  <suite name="Default suite" duration-ms="4672" started-at="2018-07-31T06:14:57Z" finished-at="2018-07-31T06:15:02Z">
    <groups>
    </groups>
    <test name="Default test" duration-ms="4672" started-at="2018-07-31T06:14:57Z" finished-at="2018-07-31T06:15:02Z">
      <class name="com.rest.tests.RestAssuredExamples">
        <test-method status="PASS" signature="setUp()[pri:0, instance:com.rest.tests.RestAssuredExamples@5622fdf]" name="setUp" is-config="true" duration-ms="16" started-at="2018-07-31T11:44:57Z" finished-at="2018-07-31T11:44:57Z">
          <reporter-output>
          </reporter-output>
        </test-method> <!-- setUp -->
        <test-method status="PASS" signature="verifyGetMethodDynamicUrl()[pri:0, instance:com.rest.tests.RestAssuredExamples@5622fdf]" name="verifyGetMethodDynamicUrl" duration-ms="4609" started-at="2018-07-31T11:44:57Z" description="Fetch the Details of the Rest Service using GET Method" finished-at="2018-07-31T11:45:02Z">
          <reporter-output>
          </reporter-output>
        </test-method> <!-- verifyGetMethodDynamicUrl -->
      </class> <!-- com.rest.tests.RestAssuredExamples -->
    </test> <!-- Default test -->
  </suite> <!-- Default suite -->
</testng-results>
